 WARN  Issue while reading "/Users/jean_webexpr/Documents/projets_webexpr/monorepo_bijoux_B2B/.npmrc". Failed to replace env in config: ${GITHUB_TOKEN}

> @maison/ui-mobile@0.0.0 build /Users/jean_webexpr/Documents/projets_webexpr/monorepo_bijoux_B2B/packages/ui-mobile
> tsup

CLI Building entry: {"index":"src/index.ts","components/index":"src/components/index.ts","hooks/index":"src/hooks/index.ts"}
CLI Using tsconfig: tsconfig.json
CLI tsup v8.5.1
CLI Using tsup config: /Users/jean_webexpr/Documents/projets_webexpr/monorepo_bijoux_B2B/packages/ui-mobile/tsup.config.ts
CLI Target: es2022
CLI Cleaning output folder
CJS Build start
ESM Build start
ESM dist/index.js                170.00 B
ESM dist/components/index.js     120.00 B
ESM dist/chunk-XP5QINBQ.js       2.70 KB
ESM dist/hooks/index.js          119.00 B
ESM dist/chunk-U7I57JNO.js       494.00 B
ESM dist/components/index.js.map 69.00 B
ESM dist/chunk-XP5QINBQ.js.map   7.75 KB
ESM dist/hooks/index.js.map      69.00 B
ESM dist/chunk-U7I57JNO.js.map   1.34 KB
ESM dist/index.js.map            69.00 B
ESM ⚡️ Build success in 137ms
CJS dist/index.cjs                576.00 B
CJS dist/components/index.cjs     387.00 B
CJS dist/hooks/index.cjs          278.00 B
CJS dist/chunk-VCELSKZ2.cjs       2.81 KB
CJS dist/chunk-UIDLK2SK.cjs       519.00 B
CJS dist/index.cjs.map            70.00 B
CJS dist/components/index.cjs.map 70.00 B
CJS dist/chunk-UIDLK2SK.cjs.map   1.36 KB
CJS dist/hooks/index.cjs.map      70.00 B
CJS dist/chunk-VCELSKZ2.cjs.map   7.78 KB
CJS ⚡️ Build success in 138ms
DTS Build start
DTS ⚡️ Build success in 4430ms
DTS dist/index.d.cts            167.00 B
DTS dist/components/index.d.cts 1.64 KB
DTS dist/hooks/index.d.cts      539.00 B
DTS dist/index.d.ts             165.00 B
DTS dist/components/index.d.ts  1.64 KB
DTS dist/hooks/index.d.ts       539.00 B
