 WARN  Issue while reading "/Users/jean_webexpr/Documents/projets_webexpr/monorepo_bijoux_B2B/.npmrc". Failed to replace env in config: ${GITHUB_TOKEN}

> @maison/hooks@0.0.0 build /Users/jean_webexpr/Documents/projets_webexpr/monorepo_bijoux_B2B/packages/hooks
> tsup

CLI Building entry: {"index":"src/index.ts","b2b/index":"src/b2b/index.ts","cart/index":"src/cart/index.ts","api/index":"src/api/index.ts","utils/index":"src/utils/index.ts"}
CLI Using tsconfig: tsconfig.json
CLI tsup v8.5.1
CLI Using tsup config: /Users/jean_webexpr/Documents/projets_webexpr/monorepo_bijoux_B2B/packages/hooks/tsup.config.ts
CLI Target: esnext
CLI Cleaning output folder
CJS Build start
ESM Build start
CJS dist/api/index.cjs       11.77 KB
CJS dist/cart/index.cjs      20.63 KB
CJS dist/index.cjs           40.61 KB
CJS dist/b2b/index.cjs       25.42 KB
CJS dist/utils/index.cjs     4.19 KB
CJS dist/cart/index.cjs.map  52.98 KB
CJS dist/b2b/index.cjs.map   67.38 KB
CJS dist/index.cjs.map       103.24 KB
CJS dist/api/index.cjs.map   28.16 KB
CJS dist/utils/index.cjs.map 8.52 KB
CJS ⚡️ Build success in 210ms
ESM dist/index.js              790.00 B
ESM dist/chunk-EJSVSPJG.js     42.00 B
ESM dist/api/index.js          386.00 B
ESM dist/b2b/index.js          242.00 B
ESM dist/chunk-4BFXJ7WQ.js     15.00 KB
ESM dist/chunk-KPRLFJKZ.js     10.21 KB
ESM dist/chunk-HVO66BPO.js     3.03 KB
ESM dist/chunk-ZMG6UYVT.js     10.33 KB
ESM dist/utils/index.js        195.00 B
ESM dist/cart/index.js         166.00 B
ESM dist/index.js.map          71.00 B
ESM dist/chunk-EJSVSPJG.js.map 71.00 B
ESM dist/chunk-4BFXJ7WQ.js.map 40.13 KB
ESM dist/chunk-KPRLFJKZ.js.map 27.50 KB
ESM dist/chunk-HVO66BPO.js.map 8.20 KB
ESM dist/b2b/index.js.map      71.00 B
ESM dist/api/index.js.map      71.00 B
ESM dist/chunk-ZMG6UYVT.js.map 26.02 KB
ESM dist/utils/index.js.map    71.00 B
ESM dist/cart/index.js.map     71.00 B
ESM ⚡️ Build success in 210ms
DTS Build start
DTS ⚡️ Build success in 6525ms
DTS dist/index.d.cts       1.15 KB
DTS dist/b2b/index.d.cts   10.60 KB
DTS dist/cart/index.d.cts  5.50 KB
DTS dist/api/index.d.cts   8.19 KB
DTS dist/utils/index.d.cts 2.46 KB
DTS dist/index.d.ts        1.15 KB
DTS dist/b2b/index.d.ts    10.60 KB
DTS dist/cart/index.d.ts   5.50 KB
DTS dist/api/index.d.ts    8.19 KB
DTS dist/utils/index.d.ts  2.46 KB
