 WARN  Issue while reading "/Users/jean_webexpr/Documents/projets_webexpr/monorepo_bijoux_B2B/.npmrc". Failed to replace env in config: ${GITHUB_TOKEN}

> @maison/types@0.0.0 build /Users/jean_webexpr/Documents/projets_webexpr/monorepo_bijoux_B2B/packages/types
> tsup

CLI Building entry: src/index.ts
CLI Using tsconfig: tsconfig.json
CLI tsup v8.5.1
CLI Using tsup config: /Users/jean_webexpr/Documents/projets_webexpr/monorepo_bijoux_B2B/packages/types/tsup.config.ts
CLI Target: es2022
CLI Cleaning output folder
CJS Build start
ESM Build start
Generated an empty chunk: "index".
Generated an empty chunk: "index".
CJS dist/index.cjs     84.00 B
CJS dist/index.cjs.map 70.00 B
CJS ⚡️ Build success in 55ms
ESM dist/index.js     68.00 B
ESM dist/index.js.map 69.00 B
ESM ⚡️ Build success in 57ms
DTS Build start
DTS ⚡️ Build success in 1332ms
DTS dist/index.d.cts 116.33 KB
DTS dist/index.d.ts  116.33 KB
