 WARN  Issue while reading "/Users/jean_webexpr/Documents/projets_webexpr/monorepo_bijoux_B2B/.npmrc". Failed to replace env in config: ${GITHUB_TOKEN}

> @maison/config@0.0.0 build /Users/jean_webexpr/Documents/projets_webexpr/monorepo_bijoux_B2B/packages/config
> tsup

CLI Building entry: {"index":"src/index.ts","eslint":"src/eslint.ts","prettier":"src/prettier.ts"}
CLI Using tsconfig: tsconfig.json
CLI tsup v8.5.1
CLI Using tsup config: /Users/jean_webexpr/Documents/projets_webexpr/monorepo_bijoux_B2B/packages/config/tsup.config.ts
CLI Target: es2022
CLI Cleaning output folder
CJS Build start
ESM Build start
Entry module "dist/prettier.cjs" is using named and default exports together. Consumers of your bundle will have to use `chunk.default` to access the default export, which may not be what you want. Use `output.exports: "named"` to disable this warning.
CJS dist/prettier.cjs     495.00 B
CJS dist/eslint.cjs       1.43 KB
CJS dist/index.cjs        2.26 KB
CJS dist/prettier.cjs.map 798.00 B
CJS dist/index.cjs.map    4.85 KB
CJS dist/eslint.cjs.map   2.65 KB
CJS ⚡️ Build success in 67ms
ESM dist/prettier.js     393.00 B
ESM dist/index.js        1.99 KB
ESM dist/eslint.js       1.37 KB
ESM dist/prettier.js.map 793.00 B
ESM dist/eslint.js.map   2.64 KB
ESM dist/index.js.map    4.85 KB
ESM ⚡️ Build success in 66ms
DTS Build start
DTS ⚡️ Build success in 1220ms
DTS dist/index.d.cts    2.14 KB
DTS dist/eslint.d.cts   2.45 KB
DTS dist/prettier.d.cts 212.00 B
DTS dist/index.d.ts     2.14 KB
DTS dist/eslint.d.ts    2.45 KB
DTS dist/prettier.d.ts  212.00 B
