 WARN  Issue while reading "/Users/jean_webexpr/Documents/projets_webexpr/monorepo_bijoux_B2B/.npmrc". Failed to replace env in config: ${GITHUB_TOKEN}

> @maison/api-client@0.0.0 build /Users/jean_webexpr/Documents/projets_webexpr/monorepo_bijoux_B2B/packages/api-client
> tsup

CLI Building entry: {"index":"src/index.ts","interfaces/index":"src/interfaces/index.ts"}
CLI Using tsconfig: tsconfig.json
CLI tsup v8.5.1
CLI Using tsup config: /Users/jean_webexpr/Documents/projets_webexpr/monorepo_bijoux_B2B/packages/api-client/tsup.config.ts
CLI Target: es2022
CLI Cleaning output folder
CJS Build start
ESM Build start
Generated an empty chunk: "index".
Generated an empty chunk: "index".
ESM dist/index.js                8.42 KB
ESM dist/interfaces/index.js     68.00 B
ESM dist/index.js.map            20.39 KB
ESM dist/interfaces/index.js.map 69.00 B
ESM ⚡️ Build success in 185ms
CJS dist/interfaces/index.cjs     84.00 B
CJS dist/index.cjs                8.78 KB
CJS dist/interfaces/index.cjs.map 70.00 B
CJS dist/index.cjs.map            20.39 KB
CJS ⚡️ Build success in 186ms
DTS Build start
DTS ⚡️ Build success in 1411ms
DTS dist/index.d.cts            9.64 KB
DTS dist/interfaces/index.d.cts 80.18 KB
DTS dist/index.d.ts             9.64 KB
DTS dist/interfaces/index.d.ts  80.18 KB
