 WARN  Issue while reading "/Users/jean_webexpr/Documents/projets_webexpr/monorepo_bijoux_B2B/.npmrc". Failed to replace env in config: ${GITHUB_TOKEN}

> @maison/web@1.0.0 build /Users/jean_webexpr/Documents/projets_webexpr/monorepo_bijoux_B2B/apps/web
> next build

   ▲ Next.js 16.0.10 (Turbopack)
   - Environments: .env.local

   Creating an optimized production build ...
 ✓ Compiled successfully in 11.8s
   Running TypeScript ...
   Collecting page data using 10 workers ...
 ⚠ Using edge runtime on a page currently disables static generation for that page
[Category Page] Error fetching categories: TypeError: fetch failed
    at async p (.next/server/chunks/ssr/[root-of-the-server]__ab69314a._.js:1:8238)
    at async Object.r [as generateStaticParams] (.next/server/chunks/ssr/[root-of-the-server]__ab69314a._.js:1:9244) {
  [cause]: AggregateError: 
      at ignore-listed frames {
    code: 'ECONNREFUSED'
  }
}
   Generating static pages using 10 workers (0/30) ...
[getLevel1Categories] Error: TypeError: fetch failed
    at async v (.next/server/chunks/ssr/apps_web_2aba2d7b._.js:1:30775)
    at async x (.next/server/chunks/ssr/apps_web_2aba2d7b._.js:1:31649) {
  [cause]: AggregateError: 
      at ignore-listed frames {
    code: 'ECONNREFUSED'
  }
}
[CMS] Error fetching hero slides: TypeError: fetch failed
    at ignore-listed frames {
  [cause]: AggregateError: 
      at ignore-listed frames {
    code: 'ECONNREFUSED'
  }
}
[CMS] Error fetching announcements: TypeError: fetch failed
    at ignore-listed frames {
  [cause]: AggregateError: 
      at ignore-listed frames {
    code: 'ECONNREFUSED'
  }
}
[CMS] Error fetching announcements: TypeError: fetch failed
    at ignore-listed frames {
  [cause]: AggregateError: 
      at ignore-listed frames {
    code: 'ECONNREFUSED'
  }
}
[CMS] Error fetching announcements: TypeError: fetch failed
    at ignore-listed frames {
  [cause]: AggregateError: 
      at ignore-listed frames {
    code: 'ECONNREFUSED'
  }
}
[CMS] Error fetching announcements: TypeError: fetch failed
    at ignore-listed frames {
  [cause]: AggregateError: 
      at ignore-listed frames {
    code: 'ECONNREFUSED'
  }
}
[CMS] Error fetching announcements: TypeError: fetch failed
    at ignore-listed frames {
  [cause]: AggregateError: 
      at ignore-listed frames {
    code: 'ECONNREFUSED'
  }
}
[Categories Page] Error fetching categories: TypeError: fetch failed
    at async o (.next/server/chunks/ssr/[root-of-the-server]__dd4f3bf5._.js:1:9960)
    at async s (.next/server/chunks/ssr/[root-of-the-server]__dd4f3bf5._.js:1:13953) {
  [cause]: AggregateError: 
      at ignore-listed frames {
    code: 'ECONNREFUSED'
  }
}
[CMS] Error fetching announcements: TypeError: fetch failed
    at ignore-listed frames {
  [cause]: AggregateError: 
      at ignore-listed frames {
    code: 'ECONNREFUSED'
  }
}
[CMS] Error fetching announcements: TypeError: fetch failed
    at ignore-listed frames {
  [cause]: AggregateError: 
      at ignore-listed frames {
    code: 'ECONNREFUSED'
  }
}
[CMS] Error fetching announcements: TypeError: fetch failed
    at ignore-listed frames {
  [cause]: AggregateError: 
      at ignore-listed frames {
    code: 'ECONNREFUSED'
  }
}
[CMS] Error fetching announcements: TypeError: fetch failed
    at ignore-listed frames {
  [cause]: AggregateError: 
      at ignore-listed frames {
    code: 'ECONNREFUSED'
  }
}
   Generating static pages using 10 workers (7/30) 
   Generating static pages using 10 workers (14/30) 
Failed to fetch brands: Error: Attempted to call getServerBrands() from the server but getServerBrands is on the client. It's not possible to invoke a client function from the server, it can only be rendered as a Component or passed to props of a Client Component.
    at <unknown> (.next/server/chunks/ssr/[root-of-the-server]__cd4decd3._.js:1:4316)
    at i (.next/server/chunks/ssr/[root-of-the-server]__cd4decd3._.js:1:9759)
    at j (.next/server/chunks/ssr/[root-of-the-server]__cd4decd3._.js:1:9896)
    at stringify (<anonymous>)
[CMS] Error fetching announcements: TypeError: fetch failed
    at ignore-listed frames {
  [cause]: AggregateError: 
      at ignore-listed frames {
    code: 'ECONNREFUSED'
  }
}
[CMS] Error fetching announcements: TypeError: fetch failed
    at ignore-listed frames {
  [cause]: AggregateError: 
      at ignore-listed frames {
    code: 'ECONNREFUSED'
  }
}
[CMS] Error fetching announcements: TypeError: fetch failed
    at ignore-listed frames {
  [cause]: AggregateError: 
      at ignore-listed frames {
    code: 'ECONNREFUSED'
  }
}
[CMS] Error fetching announcements: TypeError: fetch failed
    at ignore-listed frames {
  [cause]: AggregateError: 
      at ignore-listed frames {
    code: 'ECONNREFUSED'
  }
}
[CMS] Error fetching announcements: TypeError: fetch failed
    at ignore-listed frames {
  [cause]: AggregateError: 
      at ignore-listed frames {
    code: 'ECONNREFUSED'
  }
}
[CMS] Error fetching announcements: TypeError: fetch failed
    at ignore-listed frames {
  [cause]: AggregateError: 
      at ignore-listed frames {
    code: 'ECONNREFUSED'
  }
}
[CMS] Error fetching announcements: TypeError: fetch failed
    at ignore-listed frames {
  [cause]: AggregateError: 
      at ignore-listed frames {
    code: 'ECONNREFUSED'
  }
}
   Generating static pages using 10 workers (22/30) 
[CategoriesSection] Error fetching categories: TypeError: fetch failed
    at async v (.next/server/chunks/ssr/apps_web_2aba2d7b._.js:1:30775)
    at async x (.next/server/chunks/ssr/apps_web_2aba2d7b._.js:1:31649) {
  [cause]: AggregateError: 
      at ignore-listed frames {
    code: 'ECONNREFUSED'
  }
}
[Sitemap] Error fetching brands: TypeError: fetch failed
    at async E (.next/server/chunks/[root-of-the-server]__a62d16a5._.js:16:1197)
    at async q (.next/server/chunks/[root-of-the-server]__a62d16a5._.js:16:2587)
    at async k (.next/server/chunks/[root-of-the-server]__a62d16a5._.js:16:3420) {
  [cause]: AggregateError: 
      at ignore-listed frames {
    code: 'ECONNREFUSED'
  }
}
[Sitemap] Error fetching products: TypeError: fetch failed
    at async A (.next/server/chunks/[root-of-the-server]__a62d16a5._.js:16:1549)
    at async q (.next/server/chunks/[root-of-the-server]__a62d16a5._.js:16:2587)
    at async k (.next/server/chunks/[root-of-the-server]__a62d16a5._.js:16:3420) {
  [cause]: AggregateError: 
      at ignore-listed frames {
    code: 'ECONNREFUSED'
  }
}
[Sitemap] Generated: 9 static, 206 categories, 0 brands, 0 products
 ✓ Generating static pages using 10 workers (30/30) in 801.2ms
   Finalizing page optimization ...

Route (app)                            Revalidate  Expire
┌ ○ /                                          1m      1y
├ ○ /_not-found
├ ƒ /accueil
├ ƒ /api/auth/[...nextauth]
├ ƒ /api/brands
├ ƒ /api/c/[...slug]
├ ƒ /api/catalog/brands
├ ƒ /api/catalog/brands/[slug]
├ ƒ /api/catalog/categories/[...path]
├ ƒ /api/catalog/categories/tree
├ ƒ /api/catalog/products
├ ƒ /api/categories
├ ƒ /api/cms/announcements
├ ƒ /api/cms/hero-slides
├ ƒ /api/cms/revalidate
├ ƒ /api/marques
├ ƒ /api/marques/[slug]
├ ƒ /api/og
├ ƒ /api/orders
├ ƒ /api/orders/[orderId]
├ ƒ /api/search
├ ƒ /api/search/categories
├ ƒ /api/search/marques
├ ƒ /api/search/suggestions
├ ƒ /api/stripe/create-payment-intent
├ ƒ /api/user/orders
├ ƒ /approbations
├ ○ /c                                         1m      1y
├ ● /c/[...slug]
├ ƒ /categorie/[handle]
├ ƒ /categories
├ ƒ /categories/[slug]
├ ○ /cgv                                       1m      1y
├ ○ /checkout                                  1m      1y
├ ○ /checkout/confirmation                     1m      1y
├ ○ /checkout/livraison                        1m      1y
├ ○ /checkout/paiement                         1m      1y
├ ƒ /commande-rapide
├ ƒ /commandes
├ ƒ /commandes/[id]
├ ƒ /commandes/bulk
├ ƒ /comparer
├ ƒ /compte
├ ƒ /compte/commandes
├ ƒ /compte/commandes/[id]
├ ○ /contact                                   1m      1y
├ ○ /cookies                                   1m      1y
├ ƒ /dashboard
├ ƒ /devis
├ ƒ /devis/[id]
├ ƒ /devis/nouveau
├ ƒ /entreprise
├ ƒ /entreprise/adresses
├ ƒ /entreprise/employes
├ ƒ /entreprise/parametres
├ ○ /favoris                                   1m      1y
├ ƒ /listes
├ ƒ /listes/[id]
├ ○ /login
├ ○ /marques                                   1m      1y
├ ƒ /marques/[slug]
├ ○ /mentions-legales                          1m      1y
├ ○ /notre-histoire                            1m      1y
├ ○ /panier                                    1m      1y
├ ƒ /panier-b2b
├ ○ /politique-confidentialite                 1m      1y
├ ƒ /products/[id]
├ ƒ /produit/[handle]
├ ƒ /produits/[slug]
├ ƒ /rapports
├ ƒ /recherche
├ ○ /register
├ ○ /robots.txt
├ ○ /sitemap.xml                               1h      1y
└ ƒ /tableau-de-bord


ƒ Proxy (Middleware)

○  (Static)   prerendered as static content
●  (SSG)      prerendered as static HTML (uses generateStaticParams)
ƒ  (Dynamic)  server-rendered on demand

