 WARN  Issue while reading "/Users/jean_webexpr/Documents/projets_webexpr/monorepo_bijoux_B2B/.npmrc". Failed to replace env in config: ${GITHUB_TOKEN}

> @maison/api-bridge@0.0.0 build /Users/jean_webexpr/Documents/projets_webexpr/monorepo_bijoux_B2B/packages/api-bridge
> tsup

CLI Building entry: src/index.ts
CLI Using tsconfig: tsconfig.json
CLI tsup v8.5.1
CLI Using tsup config: /Users/jean_webexpr/Documents/projets_webexpr/monorepo_bijoux_B2B/packages/api-bridge/tsup.config.ts
CLI Target: es2022
CLI Cleaning output folder
CJS Build start
ESM Build start
CJS dist/index.cjs     34.23 KB
CJS dist/index.cjs.map 88.94 KB
CJS ⚡️ Build success in 839ms
ESM dist/index.js     33.96 KB
ESM dist/index.js.map 88.91 KB
ESM ⚡️ Build success in 840ms
DTS Build start
DTS ⚡️ Build success in 4162ms
DTS dist/index.d.cts 21.42 KB
DTS dist/index.d.ts  21.42 KB
