 WARN  Issue while reading "/Users/jean_webexpr/Documents/projets_webexpr/monorepo_bijoux_B2B/.npmrc". Failed to replace env in config: ${GITHUB_TOKEN}

> @maison/utils@0.0.0 build /Users/jean_webexpr/Documents/projets_webexpr/monorepo_bijoux_B2B/packages/utils
> tsup

CLI Building entry: src/index.ts
CLI Using tsconfig: tsconfig.json
CLI tsup v8.5.1
CLI Using tsup config: /Users/jean_webexpr/Documents/projets_webexpr/monorepo_bijoux_B2B/packages/utils/tsup.config.ts
CLI Target: es2022
CLI Cleaning output folder
CJS Build start
ESM Build start
CJS dist/index.cjs     1.72 KB
CJS dist/index.cjs.map 3.81 KB
CJS ⚡️ Build success in 43ms
ESM dist/index.js     1.50 KB
ESM dist/index.js.map 3.79 KB
ESM ⚡️ Build success in 44ms
DTS Build start
DTS ⚡️ Build success in 894ms
DTS dist/index.d.cts 1.14 KB
DTS dist/index.d.ts  1.14 KB
