 WARN  Issue while reading "/Users/jean_webexpr/Documents/projets_webexpr/monorepo_bijoux_B2B/.npmrc". Failed to replace env in config: ${GITHUB_TOKEN}

> @maison/ui-b2b@0.0.0 build /Users/jean_webexpr/Documents/projets_webexpr/monorepo_bijoux_B2B/packages/ui-b2b
> tsup

CLI Building entry: {"index":"src/index.ts","primitives/index":"src/primitives/index.ts","forms/index":"src/forms/index.ts","utils/index":"src/utils/index.ts"}
CLI Using tsconfig: tsconfig.json
CLI tsup v8.5.1
CLI Using tsup config: /Users/jean_webexpr/Documents/projets_webexpr/monorepo_bijoux_B2B/packages/ui-b2b/tsup.config.ts
CLI Target: es2022
CLI Cleaning output folder
CJS Build start
ESM Build start
CJS dist/primitives/index.cjs     63.60 KB
CJS dist/index.cjs                126.03 KB
CJS dist/forms/index.cjs          31.20 KB
CJS dist/utils/index.cjs          33.28 KB
CJS dist/index.cjs.map            249.63 KB
CJS dist/primitives/index.cjs.map 126.26 KB
CJS dist/forms/index.cjs.map      50.46 KB
CJS dist/utils/index.cjs.map      71.90 KB
CJS ⚡️ Build success in 47ms
ESM dist/forms/index.js          2.87 KB
ESM dist/utils/index.js          1.99 KB
ESM dist/chunk-4GGOZDGK.js       59.99 KB
ESM dist/chunk-QVLSUSTM.js       24.06 KB
ESM dist/primitives/index.js     353.00 B
ESM dist/chunk-7FJHTMEB.js       30.20 KB
ESM dist/index.js                5.12 KB
ESM dist/forms/index.js.map      71.00 B
ESM dist/utils/index.js.map      71.00 B
ESM dist/chunk-7FJHTMEB.js.map   69.81 KB
ESM dist/primitives/index.js.map 71.00 B
ESM dist/chunk-4GGOZDGK.js.map   124.79 KB
ESM dist/index.js.map            71.00 B
ESM dist/chunk-QVLSUSTM.js.map   47.20 KB
ESM ⚡️ Build success in 48ms
DTS Build start
DTS ⚡️ Build success in 5262ms
DTS dist/index.d.cts            4.61 KB
DTS dist/primitives/index.d.cts 36.47 KB
DTS dist/forms/index.d.cts      149.65 KB
DTS dist/utils/index.d.cts      16.91 KB
DTS dist/index.d.ts             4.61 KB
DTS dist/primitives/index.d.ts  36.47 KB
DTS dist/forms/index.d.ts       149.65 KB
DTS dist/utils/index.d.ts       16.91 KB
