 WARN  Issue while reading "/Users/jean_webexpr/Documents/projets_webexpr/monorepo_bijoux_B2B/.npmrc". Failed to replace env in config: ${GITHUB_TOKEN}

> @maison/api-medusa@0.0.0 build /Users/jean_webexpr/Documents/projets_webexpr/monorepo_bijoux_B2B/packages/api-medusa
> tsup

CLI Building entry: src/index.ts
CLI Using tsconfig: tsconfig.json
CLI tsup v8.5.1
CLI Using tsup config: /Users/jean_webexpr/Documents/projets_webexpr/monorepo_bijoux_B2B/packages/api-medusa/tsup.config.ts
CLI Target: es2022
CLI Cleaning output folder
CJS Build start
ESM Build start
DTS Build start
CJS dist/index.cjs     34.65 KB
CJS dist/index.cjs.map 83.21 KB
CJS ⚡️ Build success in 919ms
ESM dist/index.js     34.30 KB
ESM dist/index.js.map 83.17 KB
ESM ⚡️ Build success in 920ms
DTS ⚡️ Build success in 4286ms
DTS dist/index.d.cts 14.81 KB
DTS dist/index.d.ts  14.81 KB
